Job started at: Fri Jan 16 15:39:22 CST 2026
Running on host: b08u29a
Using LAMMPS: /work/phy-luoyf/.local/bin/lmp
Input script: in.relax_force
Data dir: data109
Output dir: relaxed
------------------------------------
[Fri Jan 16 15:39:22 CST 2026] Running structure *
ERROR on proc 0: Cannot open input script in.relax_force: No such file or directory (src/lammps.cpp:565)
ERROR on *, stop job

------------------------------------------------------------
Sender: LSF System <lsfadmin@b08u29a>
Subject: Job 3095470: <a_job_1> in cluster <qmhpc> Exited

Job <a_job_1> was submitted from host <a04u28l> by user <phy-luoyf> in cluster <qmhpc> at Fri Jan 16 15:29:57 2026
Job was executed on host(s) <40*b08u29a>, in queue <33>, as user <phy-luoyf> in cluster <qmhpc> at Fri Jan 16 15:39:22 2026
</work/phy-luoyf> was used as the home directory.
</work/phy-luoyf/WORK/cu_sample_construct_after_wyb_meeting25.12.25/5_complex_stru_filter_and_single/filter> was used as the working directory.
Started at Fri Jan 16 15:39:22 2026
Terminated at Fri Jan 16 15:39:26 2026
Results reported at Fri Jan 16 15:39:26 2026

Your job looked like:

------------------------------------------------------------
# LSBATCH: User input
#!/bin/bash
#BSUB -J a_job_1
#BSUB -q 33
#BSUB -n 40
#BSUB -R "span[ptile=40]"
#BSUB -o %J.out
#BSUB -e %J.err

# =========================
# 用户可修改区
# =========================
LAMMPS=~/.local/bin/lmp
INPUT=in.relax_force

DATA_DIR=data109
OUT_DIR=relaxed

# =========================
# 环境准备
# =========================
mkdir -p ${OUT_DIR}

echo "Job started at: $(date)"
echo "Running on host: $(hostname)"
echo "Using LAMMPS: ${LAMMPS}"
echo "Input script: ${INPUT}"
echo "Data dir: ${DATA_DIR}"
echo "Output dir: ${OUT_DIR}"
echo "------------------------------------"

# =========================
# 串行跑每个结构（推荐）
# =========================
i=0
for f in ${DATA_DIR}/*.data; do
    base=$(basename "$f" .data)
    echo "[$(date)] Running structure ${base}"

    ${LAMMPS} \
        -in ${INPUT} \
        -var fname ${f} \
        -var oname ${OUT_DIR}/${base}

    if [ $? -ne 0 ]; then
        echo "ERROR on ${base}, stop job"
        exit 1
    fi

    i=$((i+1))
done

(... more ...)
------------------------------------------------------------

Exited with exit code 1.

Resource usage summary:

    CPU time :                                   0.13 sec.
    Max Memory :                                 25 MB
    Average Memory :                             25.00 MB
    Total Requested Memory :                     -
    Delta Memory :                               -
    Max Swap :                                   -
    Max Processes :                              4
    Max Threads :                                5
    Run time :                                   3 sec.
    Turnaround time :                            569 sec.

The output (if any) is above this job summary.



PS:

Read file <3095470.err> for stderr output of this job.

