========================================
Job started at Sun Dec 28 14:16:16 CST 2025
Step 1: Converting VASP files to LAMMPS Data format...
----------------------------------------
Processing: 1D_main_000_frac0.0000.vasp
  Mode: Relaxing (Type 2 fixed, Type 3 z-only)
  Done. Result: relaxed/1D_main_000_frac0.0000_relaxed.data
----------------------------------------
Processing: 1D_main_001_frac0.0500.vasp
  Mode: Relaxing (Type 2 fixed, Type 3 z-only)
  Done. Result: relaxed/1D_main_001_frac0.0500_relaxed.data
----------------------------------------
Processing: 1D_main_002_frac0.1000.vasp
  Mode: Relaxing (Type 2 fixed, Type 3 z-only)
  Done. Result: relaxed/1D_main_002_frac0.1000_relaxed.data
----------------------------------------
Processing: 1D_main_003_frac0.1500.vasp
  Mode: Relaxing (Type 2 fixed, Type 3 z-only)
  Done. Result: relaxed/1D_main_003_frac0.1500_relaxed.data
----------------------------------------
Processing: 1D_main_004_frac0.2000.vasp
  Mode: Relaxing (Type 2 fixed, Type 3 z-only)
  Done. Result: relaxed/1D_main_004_frac0.2000_relaxed.data
----------------------------------------
Processing: 1D_main_005_frac0.2500.vasp
  Mode: Relaxing (Type 2 fixed, Type 3 z-only)
  Done. Result: relaxed/1D_main_005_frac0.2500_relaxed.data
----------------------------------------
Processing: 1D_main_006_frac0.3000.vasp
  Mode: Relaxing (Type 2 fixed, Type 3 z-only)
  Done. Result: relaxed/1D_main_006_frac0.3000_relaxed.data
----------------------------------------
Processing: 1D_main_007_frac0.3500.vasp
  Mode: Relaxing (Type 2 fixed, Type 3 z-only)
  Done. Result: relaxed/1D_main_007_frac0.3500_relaxed.data
----------------------------------------
Processing: 1D_main_008_frac0.4000.vasp
  Mode: Relaxing (Type 2 fixed, Type 3 z-only)
  Done. Result: relaxed/1D_main_008_frac0.4000_relaxed.data
----------------------------------------
Processing: 1D_main_009_frac0.4500.vasp
  Mode: Relaxing (Type 2 fixed, Type 3 z-only)
  Done. Result: relaxed/1D_main_009_frac0.4500_relaxed.data
----------------------------------------
Processing: 1D_main_010_frac0.5000.vasp
  Mode: Relaxing (Type 2 fixed, Type 3 z-only)
  Done. Result: relaxed/1D_main_010_frac0.5000_relaxed.data
----------------------------------------
Processing: 1D_main_011_frac0.5500.vasp
  Mode: Relaxing (Type 2 fixed, Type 3 z-only)
  Done. Result: relaxed/1D_main_011_frac0.5500_relaxed.data
----------------------------------------
Processing: 1D_main_012_frac0.6000.vasp
  Mode: Relaxing (Type 2 fixed, Type 3 z-only)
  Done. Result: relaxed/1D_main_012_frac0.6000_relaxed.data
----------------------------------------
Processing: 1D_main_013_frac0.6500.vasp
  Mode: Relaxing (Type 2 fixed, Type 3 z-only)
  Done. Result: relaxed/1D_main_013_frac0.6500_relaxed.data
----------------------------------------
Processing: 1D_main_014_frac0.7000.vasp
  Mode: Relaxing (Type 2 fixed, Type 3 z-only)
  Done. Result: relaxed/1D_main_014_frac0.7000_relaxed.data
----------------------------------------
Processing: 1D_main_015_frac0.7500.vasp
  Mode: Relaxing (Type 2 fixed, Type 3 z-only)
  Done. Result: relaxed/1D_main_015_frac0.7500_relaxed.data
----------------------------------------
Processing: 1D_main_016_frac0.8000.vasp
  Mode: Relaxing (Type 2 fixed, Type 3 z-only)
  Done. Result: relaxed/1D_main_016_frac0.8000_relaxed.data
----------------------------------------
Processing: 1D_main_017_frac0.8500.vasp
  Mode: Relaxing (Type 2 fixed, Type 3 z-only)
  Done. Result: relaxed/1D_main_017_frac0.8500_relaxed.data
----------------------------------------
Processing: 1D_main_018_frac0.9000.vasp
  Mode: Relaxing (Type 2 fixed, Type 3 z-only)
  Done. Result: relaxed/1D_main_018_frac0.9000_relaxed.data
----------------------------------------
Processing: 1D_main_019_frac0.9500.vasp
  Mode: Relaxing (Type 2 fixed, Type 3 z-only)
  Done. Result: relaxed/1D_main_019_frac0.9500_relaxed.data
----------------------------------------
Processing: 1D_main_020_frac1.0000.vasp
  Mode: Relaxing (Type 2 fixed, Type 3 z-only)
  Done. Result: relaxed/1D_main_020_frac1.0000_relaxed.data
----------------------------------------
Processing: 1D_sec_000_frac0.0000.vasp
  Mode: Relaxing (Type 2 fixed, Type 3 z-only)
  Done. Result: relaxed/1D_sec_000_frac0.0000_relaxed.data
----------------------------------------
Processing: 1D_sec_001_frac0.0500.vasp
  Mode: Relaxing (Type 2 fixed, Type 3 z-only)
  Done. Result: relaxed/1D_sec_001_frac0.0500_relaxed.data
----------------------------------------
Processing: 1D_sec_002_frac0.1000.vasp
  Mode: Relaxing (Type 2 fixed, Type 3 z-only)
  Done. Result: relaxed/1D_sec_002_frac0.1000_relaxed.data
----------------------------------------
Processing: 1D_sec_003_frac0.1500.vasp
  Mode: Relaxing (Type 2 fixed, Type 3 z-only)
  Done. Result: relaxed/1D_sec_003_frac0.1500_relaxed.data
----------------------------------------
Processing: 1D_sec_004_frac0.2000.vasp
  Mode: Relaxing (Type 2 fixed, Type 3 z-only)
  Done. Result: relaxed/1D_sec_004_frac0.2000_relaxed.data
----------------------------------------
Processing: 1D_sec_005_frac0.2500.vasp
  Mode: Relaxing (Type 2 fixed, Type 3 z-only)
  Done. Result: relaxed/1D_sec_005_frac0.2500_relaxed.data
----------------------------------------
Processing: 1D_sec_006_frac0.3000.vasp
  Mode: Relaxing (Type 2 fixed, Type 3 z-only)
  Done. Result: relaxed/1D_sec_006_frac0.3000_relaxed.data
----------------------------------------
Processing: 1D_sec_007_frac0.3500.vasp
  Mode: Relaxing (Type 2 fixed, Type 3 z-only)
  Done. Result: relaxed/1D_sec_007_frac0.3500_relaxed.data
----------------------------------------
Processing: 1D_sec_008_frac0.4000.vasp
  Mode: Relaxing (Type 2 fixed, Type 3 z-only)
  Done. Result: relaxed/1D_sec_008_frac0.4000_relaxed.data
----------------------------------------
Processing: 1D_sec_009_frac0.4500.vasp
  Mode: Relaxing (Type 2 fixed, Type 3 z-only)
  Done. Result: relaxed/1D_sec_009_frac0.4500_relaxed.data
----------------------------------------
Processing: 1D_sec_010_frac0.5000.vasp
  Mode: Relaxing (Type 2 fixed, Type 3 z-only)
  Done. Result: relaxed/1D_sec_010_frac0.5000_relaxed.data
----------------------------------------
Processing: 1D_sec_011_frac0.5500.vasp
  Mode: Relaxing (Type 2 fixed, Type 3 z-only)
  Done. Result: relaxed/1D_sec_011_frac0.5500_relaxed.data
----------------------------------------
Processing: 1D_sec_012_frac0.6000.vasp
  Mode: Relaxing (Type 2 fixed, Type 3 z-only)
  Done. Result: relaxed/1D_sec_012_frac0.6000_relaxed.data
----------------------------------------
Processing: 1D_sec_013_frac0.6500.vasp
  Mode: Relaxing (Type 2 fixed, Type 3 z-only)
  Done. Result: relaxed/1D_sec_013_frac0.6500_relaxed.data
----------------------------------------
Processing: 1D_sec_014_frac0.7000.vasp
  Mode: Relaxing (Type 2 fixed, Type 3 z-only)
  Done. Result: relaxed/1D_sec_014_frac0.7000_relaxed.data
----------------------------------------
Processing: 1D_sec_015_frac0.7500.vasp
  Mode: Relaxing (Type 2 fixed, Type 3 z-only)
  Done. Result: relaxed/1D_sec_015_frac0.7500_relaxed.data
----------------------------------------
Processing: 1D_sec_016_frac0.8000.vasp
  Mode: Relaxing (Type 2 fixed, Type 3 z-only)
  Done. Result: relaxed/1D_sec_016_frac0.8000_relaxed.data
----------------------------------------
Processing: 1D_sec_017_frac0.8500.vasp
  Mode: Relaxing (Type 2 fixed, Type 3 z-only)
  Done. Result: relaxed/1D_sec_017_frac0.8500_relaxed.data
----------------------------------------
Processing: 1D_sec_018_frac0.9000.vasp
  Mode: Relaxing (Type 2 fixed, Type 3 z-only)
  Done. Result: relaxed/1D_sec_018_frac0.9000_relaxed.data
----------------------------------------
Processing: 1D_sec_019_frac0.9500.vasp
  Mode: Relaxing (Type 2 fixed, Type 3 z-only)
  Done. Result: relaxed/1D_sec_019_frac0.9500_relaxed.data
----------------------------------------
Processing: 1D_sec_020_frac1.0000.vasp
  Mode: Relaxing (Type 2 fixed, Type 3 z-only)
  Done. Result: relaxed/1D_sec_020_frac1.0000_relaxed.data
----------------------------------------
Processing: 2D_00_00.vasp
  Mode: Relaxing (Type 2 fixed, Type 3 z-only)
  Done. Result: relaxed/2D_00_00_relaxed.data
----------------------------------------
Processing: 2D_00_01.vasp
  Mode: Relaxing (Type 2 fixed, Type 3 z-only)
  Done. Result: relaxed/2D_00_01_relaxed.data
----------------------------------------
Processing: 2D_00_02.vasp
  Mode: Relaxing (Type 2 fixed, Type 3 z-only)
  Done. Result: relaxed/2D_00_02_relaxed.data
----------------------------------------
Processing: 2D_00_03.vasp
  Mode: Relaxing (Type 2 fixed, Type 3 z-only)
  Done. Result: relaxed/2D_00_03_relaxed.data
----------------------------------------
Processing: 2D_00_04.vasp
  Mode: Relaxing (Type 2 fixed, Type 3 z-only)
  Done. Result: relaxed/2D_00_04_relaxed.data
----------------------------------------
Processing: 2D_00_05.vasp
  Mode: Relaxing (Type 2 fixed, Type 3 z-only)
  Done. Result: relaxed/2D_00_05_relaxed.data
----------------------------------------
Processing: 2D_01_00.vasp
  Mode: Relaxing (Type 2 fixed, Type 3 z-only)
  Done. Result: relaxed/2D_01_00_relaxed.data
----------------------------------------
Processing: 2D_01_01.vasp
  Mode: Relaxing (Type 2 fixed, Type 3 z-only)
  Done. Result: relaxed/2D_01_01_relaxed.data
----------------------------------------
Processing: 2D_01_02.vasp
  Mode: Relaxing (Type 2 fixed, Type 3 z-only)
  Done. Result: relaxed/2D_01_02_relaxed.data
----------------------------------------
Processing: 2D_01_03.vasp
  Mode: Relaxing (Type 2 fixed, Type 3 z-only)
  Done. Result: relaxed/2D_01_03_relaxed.data
----------------------------------------
Processing: 2D_01_04.vasp
  Mode: Relaxing (Type 2 fixed, Type 3 z-only)
  Done. Result: relaxed/2D_01_04_relaxed.data
----------------------------------------
Processing: 2D_01_05.vasp
  Mode: Relaxing (Type 2 fixed, Type 3 z-only)
  Done. Result: relaxed/2D_01_05_relaxed.data
----------------------------------------
Processing: 2D_02_00.vasp
  Mode: Relaxing (Type 2 fixed, Type 3 z-only)
  Done. Result: relaxed/2D_02_00_relaxed.data
----------------------------------------
Processing: 2D_02_01.vasp
  Mode: Relaxing (Type 2 fixed, Type 3 z-only)
  Done. Result: relaxed/2D_02_01_relaxed.data
----------------------------------------
Processing: 2D_02_02.vasp
  Mode: Relaxing (Type 2 fixed, Type 3 z-only)
  Done. Result: relaxed/2D_02_02_relaxed.data
----------------------------------------
Processing: 2D_02_03.vasp
  Mode: Relaxing (Type 2 fixed, Type 3 z-only)
  Done. Result: relaxed/2D_02_03_relaxed.data
----------------------------------------
Processing: 2D_02_04.vasp
  Mode: Relaxing (Type 2 fixed, Type 3 z-only)
  Done. Result: relaxed/2D_02_04_relaxed.data
----------------------------------------
Processing: 2D_02_05.vasp
  Mode: Relaxing (Type 2 fixed, Type 3 z-only)
  Done. Result: relaxed/2D_02_05_relaxed.data
----------------------------------------
Processing: 2D_03_00.vasp
  Mode: Relaxing (Type 2 fixed, Type 3 z-only)
  Done. Result: relaxed/2D_03_00_relaxed.data
----------------------------------------
Processing: 2D_03_01.vasp
  Mode: Relaxing (Type 2 fixed, Type 3 z-only)
  Done. Result: relaxed/2D_03_01_relaxed.data
----------------------------------------
Processing: 2D_03_02.vasp
  Mode: Relaxing (Type 2 fixed, Type 3 z-only)
  Done. Result: relaxed/2D_03_02_relaxed.data
----------------------------------------
Processing: 2D_03_03.vasp
  Mode: Relaxing (Type 2 fixed, Type 3 z-only)
  Done. Result: relaxed/2D_03_03_relaxed.data
----------------------------------------
Processing: 2D_03_04.vasp
  Mode: Relaxing (Type 2 fixed, Type 3 z-only)
  Done. Result: relaxed/2D_03_04_relaxed.data
----------------------------------------
Processing: 2D_03_05.vasp
  Mode: Relaxing (Type 2 fixed, Type 3 z-only)
  Done. Result: relaxed/2D_03_05_relaxed.data
----------------------------------------
Processing: 2D_04_00.vasp
  Mode: Relaxing (Type 2 fixed, Type 3 z-only)
  Done. Result: relaxed/2D_04_00_relaxed.data
----------------------------------------
Processing: 2D_04_01.vasp
  Mode: Relaxing (Type 2 fixed, Type 3 z-only)
  Done. Result: relaxed/2D_04_01_relaxed.data
----------------------------------------
Processing: 2D_04_02.vasp
  Mode: Relaxing (Type 2 fixed, Type 3 z-only)
  Done. Result: relaxed/2D_04_02_relaxed.data
----------------------------------------
Processing: 2D_04_03.vasp
  Mode: Relaxing (Type 2 fixed, Type 3 z-only)
  Done. Result: relaxed/2D_04_03_relaxed.data
----------------------------------------
Processing: 2D_04_04.vasp
  Mode: Relaxing (Type 2 fixed, Type 3 z-only)
  Done. Result: relaxed/2D_04_04_relaxed.data
----------------------------------------
Processing: 2D_04_05.vasp
  Mode: Relaxing (Type 2 fixed, Type 3 z-only)
  Done. Result: relaxed/2D_04_05_relaxed.data
----------------------------------------
Processing: 2D_05_00.vasp
  Mode: Relaxing (Type 2 fixed, Type 3 z-only)
  Done. Result: relaxed/2D_05_00_relaxed.data
----------------------------------------
Processing: 2D_05_01.vasp
  Mode: Relaxing (Type 2 fixed, Type 3 z-only)
  Done. Result: relaxed/2D_05_01_relaxed.data
----------------------------------------
Processing: 2D_05_02.vasp
  Mode: Relaxing (Type 2 fixed, Type 3 z-only)
  Done. Result: relaxed/2D_05_02_relaxed.data
----------------------------------------
Processing: 2D_05_03.vasp
  Mode: Relaxing (Type 2 fixed, Type 3 z-only)
  Done. Result: relaxed/2D_05_03_relaxed.data
----------------------------------------
Processing: 2D_05_04.vasp
  Mode: Relaxing (Type 2 fixed, Type 3 z-only)
  Done. Result: relaxed/2D_05_04_relaxed.data
----------------------------------------
Processing: 2D_05_05.vasp
  Mode: Relaxing (Type 2 fixed, Type 3 z-only)
  Done. Result: relaxed/2D_05_05_relaxed.data
----------------------------------------
Processing: Cut_1_Block_X0_Z2_N231.vasp
  Mode: Relaxing (Type 2 fixed, Type 3 z-only)
  Done. Result: relaxed/Cut_1_Block_X0_Z2_N231_relaxed.data
----------------------------------------
Processing: Cut_1_Block_X2_Z2_N238.vasp
  Mode: Relaxing (Type 2 fixed, Type 3 z-only)
  Done. Result: relaxed/Cut_1_Block_X2_Z2_N238_relaxed.data
----------------------------------------
Processing: Cut_3_Block_X0_Z4_N190.vasp
  Mode: Relaxing (Type 2 fixed, Type 3 z-only)
  Done. Result: relaxed/Cut_3_Block_X0_Z4_N190_relaxed.data
----------------------------------------
Processing: Cut_3_Block_X2_Z1_N199.vasp
  Mode: Relaxing (Type 2 fixed, Type 3 z-only)
  Done. Result: relaxed/Cut_3_Block_X2_Z1_N199_relaxed.data
----------------------------------------
Processing: Cut_4_Block_X3_Z1_N230.vasp
  Mode: Relaxing (Type 2 fixed, Type 3 z-only)
  Done. Result: relaxed/Cut_4_Block_X3_Z1_N230_relaxed.data
----------------------------------------
Processing: mp-30FCC.vasp
  Mode: Relaxing (Type 2 fixed, Type 3 z-only)
  Done. Result: relaxed/mp-30FCC_relaxed.data
----------------------------------------
Processing: Twin_Double_Asym_Inner0.21nm_Outer2.09nm_1L.vasp
  Mode: Relaxing (Type 2 fixed, Type 3 z-only)
  Done. Result: relaxed/Twin_Double_Asym_Inner0.21nm_Outer2.09nm_1L_relaxed.data
----------------------------------------
Processing: Twin_Double_Asym_Inner0.42nm_Outer2.09nm_2L.vasp
  Mode: Relaxing (Type 2 fixed, Type 3 z-only)
  Done. Result: relaxed/Twin_Double_Asym_Inner0.42nm_Outer2.09nm_2L_relaxed.data
----------------------------------------
Processing: Twin_Double_Asym_Inner0.63nm_Outer2.09nm_3L.vasp
  Mode: Relaxing (Type 2 fixed, Type 3 z-only)
  Done. Result: relaxed/Twin_Double_Asym_Inner0.63nm_Outer2.09nm_3L_relaxed.data
----------------------------------------
Processing: Twin_Double_Asym_Inner0.83nm_Outer2.09nm_4L.vasp
  Mode: Relaxing (Type 2 fixed, Type 3 z-only)
  Done. Result: relaxed/Twin_Double_Asym_Inner0.83nm_Outer2.09nm_4L_relaxed.data
----------------------------------------
Processing: Twin_Double_Asym_Inner1.04nm_Outer2.09nm_5L.vasp
  Mode: Relaxing (Type 2 fixed, Type 3 z-only)
  Done. Result: relaxed/Twin_Double_Asym_Inner1.04nm_Outer2.09nm_5L_relaxed.data
----------------------------------------
Processing: Twin_Double_Asym_Inner1.25nm_Outer2.09nm_6L.vasp
  Mode: Relaxing (Type 2 fixed, Type 3 z-only)
  Done. Result: relaxed/Twin_Double_Asym_Inner1.25nm_Outer2.09nm_6L_relaxed.data
----------------------------------------
Processing: Twin_Double_Asym_Inner1.46nm_Outer2.09nm_7L.vasp
  Mode: Relaxing (Type 2 fixed, Type 3 z-only)
  Done. Result: relaxed/Twin_Double_Asym_Inner1.46nm_Outer2.09nm_7L_relaxed.data
----------------------------------------
Processing: Twin_Double_Asym_Inner1.67nm_Outer2.09nm_8L.vasp
  Mode: Relaxing (Type 2 fixed, Type 3 z-only)
  Done. Result: relaxed/Twin_Double_Asym_Inner1.67nm_Outer2.09nm_8L_relaxed.data
----------------------------------------
Processing: Twin_Double_Asym_Inner1.88nm_Outer2.09nm_9L.vasp
  Mode: Relaxing (Type 2 fixed, Type 3 z-only)
  Done. Result: relaxed/Twin_Double_Asym_Inner1.88nm_Outer2.09nm_9L_relaxed.data
----------------------------------------
Processing: Twin_Double_Asym_Inner2.30nm_Outer2.09nm_11L.vasp
  Mode: Relaxing (Type 2 fixed, Type 3 z-only)
  Done. Result: relaxed/Twin_Double_Asym_Inner2.30nm_Outer2.09nm_11L_relaxed.data
----------------------------------------
Processing: Twin_Double_Asym_Inner2.50nm_Outer2.09nm_12L.vasp
  Mode: Relaxing (Type 2 fixed, Type 3 z-only)
  Done. Result: relaxed/Twin_Double_Asym_Inner2.50nm_Outer2.09nm_12L_relaxed.data
----------------------------------------
Processing: Twin_Double_Asym_Inner2.71nm_Outer2.09nm_13L.vasp
  Mode: Relaxing (Type 2 fixed, Type 3 z-only)
  Done. Result: relaxed/Twin_Double_Asym_Inner2.71nm_Outer2.09nm_13L_relaxed.data
----------------------------------------
Processing: Twin_Double_Asym_Inner2.92nm_Outer2.09nm_14L.vasp
  Mode: Relaxing (Type 2 fixed, Type 3 z-only)
  Done. Result: relaxed/Twin_Double_Asym_Inner2.92nm_Outer2.09nm_14L_relaxed.data
----------------------------------------
Processing: Twin_Double_Asym_Inner3.13nm_Outer2.09nm_15L.vasp
  Mode: Relaxing (Type 2 fixed, Type 3 z-only)
  Done. Result: relaxed/Twin_Double_Asym_Inner3.13nm_Outer2.09nm_15L_relaxed.data
----------------------------------------
Processing: Twin_Double_Sym_Sp0.21nm_1L.vasp
  Mode: Relaxing (Type 2 fixed, Type 3 z-only)
  Done. Result: relaxed/Twin_Double_Sym_Sp0.21nm_1L_relaxed.data
----------------------------------------
Processing: Twin_Double_Sym_Sp0.42nm_2L.vasp
  Mode: Relaxing (Type 2 fixed, Type 3 z-only)
  Done. Result: relaxed/Twin_Double_Sym_Sp0.42nm_2L_relaxed.data
----------------------------------------
Processing: Twin_Double_Sym_Sp0.63nm_3L.vasp
  Mode: Relaxing (Type 2 fixed, Type 3 z-only)
  Done. Result: relaxed/Twin_Double_Sym_Sp0.63nm_3L_relaxed.data
----------------------------------------
Processing: Twin_Double_Sym_Sp0.83nm_4L.vasp
  Mode: Relaxing (Type 2 fixed, Type 3 z-only)
  Done. Result: relaxed/Twin_Double_Sym_Sp0.83nm_4L_relaxed.data
----------------------------------------
Processing: Twin_Double_Sym_Sp1.04nm_5L.vasp
  Mode: Relaxing (Type 2 fixed, Type 3 z-only)
  Done. Result: relaxed/Twin_Double_Sym_Sp1.04nm_5L_relaxed.data
----------------------------------------
Processing: Twin_Double_Sym_Sp1.25nm_6L.vasp
  Mode: Relaxing (Type 2 fixed, Type 3 z-only)
  Done. Result: relaxed/Twin_Double_Sym_Sp1.25nm_6L_relaxed.data
----------------------------------------
Processing: Twin_Double_Sym_Sp1.46nm_7L.vasp
  Mode: Relaxing (Type 2 fixed, Type 3 z-only)
  Done. Result: relaxed/Twin_Double_Sym_Sp1.46nm_7L_relaxed.data
----------------------------------------
Processing: Twin_Double_Sym_Sp1.67nm_8L.vasp
  Mode: Relaxing (Type 2 fixed, Type 3 z-only)
  Done. Result: relaxed/Twin_Double_Sym_Sp1.67nm_8L_relaxed.data
----------------------------------------
Processing: Twin_Double_Sym_Sp1.88nm_9L.vasp
  Mode: Relaxing (Type 2 fixed, Type 3 z-only)
  Done. Result: relaxed/Twin_Double_Sym_Sp1.88nm_9L_relaxed.data
----------------------------------------
Processing: Twin_Double_Sym_Sp2.09nm_10L.vasp
  Mode: Relaxing (Type 2 fixed, Type 3 z-only)
  Done. Result: relaxed/Twin_Double_Sym_Sp2.09nm_10L_relaxed.data
----------------------------------------
Processing: Twin_Double_Sym_Sp2.30nm_11L.vasp
  Mode: Relaxing (Type 2 fixed, Type 3 z-only)
  Done. Result: relaxed/Twin_Double_Sym_Sp2.30nm_11L_relaxed.data
----------------------------------------
Processing: Twin_Double_Sym_Sp2.50nm_12L.vasp
  Mode: Relaxing (Type 2 fixed, Type 3 z-only)
  Done. Result: relaxed/Twin_Double_Sym_Sp2.50nm_12L_relaxed.data
----------------------------------------
Processing: Twin_Double_Sym_Sp2.71nm_13L.vasp
  Mode: Relaxing (Type 2 fixed, Type 3 z-only)
  Done. Result: relaxed/Twin_Double_Sym_Sp2.71nm_13L_relaxed.data
----------------------------------------
Processing: Twin_Double_Sym_Sp2.92nm_14L.vasp
  Mode: Relaxing (Type 2 fixed, Type 3 z-only)
  Done. Result: relaxed/Twin_Double_Sym_Sp2.92nm_14L_relaxed.data
----------------------------------------
Processing: Twin_Double_Sym_Sp3.13nm_15L.vasp
  Mode: Relaxing (Type 2 fixed, Type 3 z-only)
  Done. Result: relaxed/Twin_Double_Sym_Sp3.13nm_15L_relaxed.data
----------------------------------------
Processing: Twin_Single_TB.vasp
  Mode: Relaxing (Type 2 fixed, Type 3 z-only)
  Done. Result: relaxed/Twin_Single_TB_relaxed.data
========================================
All tasks finished at Sun Dec 28 14:17:25 CST 2025

------------------------------------------------------------
Sender: LSF System <lsfadmin@be1u14a>
Subject: Job 2873706: <Cu_Relax_Batch> in cluster <qmhpc> Done

Job <Cu_Relax_Batch> was submitted from host <a04u28l> by user <phy-luoyf> in cluster <qmhpc> at Sun Dec 28 14:16:13 2025
Job was executed on host(s) <96*be1u14a>, in queue <1t88c>, as user <phy-luoyf> in cluster <qmhpc> at Sun Dec 28 14:16:14 2025
</work/phy-luoyf> was used as the home directory.
</work/phy-luoyf/WORK/cu_sample_construct_after_wyb_meeting25.12.25/relax_fixed_all_with_EAM> was used as the working directory.
Started at Sun Dec 28 14:16:14 2025
Terminated at Sun Dec 28 14:17:26 2025
Results reported at Sun Dec 28 14:17:26 2025

Your job looked like:

------------------------------------------------------------
# LSBATCH: User input
#!/bin/bash
#BSUB -J Cu_Relax_Batch
#BSUB -q 1t88c
#BSUB -n 96
#BSUB -R "span[ptile=96]"
#BSUB -e %J.err
#BSUB -o %J.out

# --- 设置路径 ---
# LAMMPS 可执行文件绝对路径
LMP_EXEC="/work/phy-luoyf/apps/lammps2025/lammps-22Jul2025/build/lmp"
# Python 脚本路径 (假设就在当前目录)
PY_SCRIPT="vasp2data.py"

# --- 准备文件夹 ---
# 创建存放转换后 data 文件的目录
if [ ! -d "stru_data" ]; then
    mkdir stru_data
fi

# 创建存放优化结果的目录
if [ ! -d "relaxed" ]; then
    mkdir relaxed
fi

echo "========================================"
echo "Job started at $(date)"
echo "Step 1: Converting VASP files to LAMMPS Data format..."

# --- 循环处理 stru/ 下的所有文件 ---
for vasp_file in stru/*; do
    
    # 跳过非文件项
    [ -f "$vasp_file" ] || continue
    
    # 获取文件名 (例如 1D_main_000.vasp)
    filename=$(basename "$vasp_file")
    # 构造 data 文件名 (例如 1D_main_000.data)
    data_file="stru_data/${filename%.*}.data"
    # 构造输出结果文件名
    relaxed_file="relaxed/${filename%.*}_relaxed.data"

    # 1. 执行 Python 转换
    # 自动识别 TTT/FFF/FFT 并生成含 Type 1/2/3 的 data 文件
    python $PY_SCRIPT "$vasp_file" "$data_file"
    
    if [ ! -f "$data_file" ]; then
        echo "Warning: Failed to convert $filename"
        continue
    fi

(... more ...)
------------------------------------------------------------

Successfully completed.

Resource usage summary:

    CPU time :                                   20.06 sec.
    Max Memory :                                 40 MB
    Average Memory :                             18.58 MB
    Total Requested Memory :                     -
    Delta Memory :                               -
    Max Swap :                                   -
    Max Processes :                              4
    Max Threads :                                6
    Run time :                                   71 sec.
    Turnaround time :                            73 sec.

The output (if any) is above this job summary.



PS:

Read file <2873706.err> for stderr output of this job.

