===================================
Starting FFT (Constrained Relax) Batch...
Processing: 1D_main_000_frac0.0000.vasp
Processing: 1D_main_001_frac0.0500.vasp
Processing: 1D_main_002_frac0.1000.vasp
Processing: 1D_main_003_frac0.1500.vasp
Processing: 1D_main_004_frac0.2000.vasp
Processing: 1D_main_005_frac0.2500.vasp
Processing: 1D_main_006_frac0.3000.vasp
Processing: 1D_main_007_frac0.3500.vasp
Processing: 1D_main_008_frac0.4000.vasp
Processing: 1D_main_009_frac0.4500.vasp
Processing: 1D_main_010_frac0.5000.vasp
Processing: 1D_main_011_frac0.5500.vasp
Processing: 1D_main_012_frac0.6000.vasp
Processing: 1D_main_013_frac0.6500.vasp
Processing: 1D_main_014_frac0.7000.vasp
Processing: 1D_main_015_frac0.7500.vasp
Processing: 1D_main_016_frac0.8000.vasp
Processing: 1D_main_017_frac0.8500.vasp
Processing: 1D_main_018_frac0.9000.vasp
Processing: 1D_main_019_frac0.9500.vasp
Processing: 1D_main_020_frac1.0000.vasp
Processing: 1D_sec_000_frac0.0000.vasp
Processing: 1D_sec_001_frac0.0500.vasp
Processing: 1D_sec_002_frac0.1000.vasp
Processing: 1D_sec_003_frac0.1500.vasp
Processing: 1D_sec_004_frac0.2000.vasp
Processing: 1D_sec_005_frac0.2500.vasp
Processing: 1D_sec_006_frac0.3000.vasp
Processing: 1D_sec_007_frac0.3500.vasp
Processing: 1D_sec_008_frac0.4000.vasp
Processing: 1D_sec_009_frac0.4500.vasp
Processing: 1D_sec_010_frac0.5000.vasp
Processing: 1D_sec_011_frac0.5500.vasp
Processing: 1D_sec_012_frac0.6000.vasp
Processing: 1D_sec_013_frac0.6500.vasp
Processing: 1D_sec_014_frac0.7000.vasp
Processing: 1D_sec_015_frac0.7500.vasp
Processing: 1D_sec_016_frac0.8000.vasp
Processing: 1D_sec_017_frac0.8500.vasp
Processing: 1D_sec_018_frac0.9000.vasp
Processing: 1D_sec_019_frac0.9500.vasp
Processing: 1D_sec_020_frac1.0000.vasp
Processing: 2D_00_00.vasp
Processing: 2D_00_01.vasp
Processing: 2D_00_02.vasp
Processing: 2D_00_03.vasp
Processing: 2D_00_04.vasp
Processing: 2D_00_05.vasp
Processing: 2D_01_00.vasp
Processing: 2D_01_01.vasp
Processing: 2D_01_02.vasp
Processing: 2D_01_03.vasp
Processing: 2D_01_04.vasp
Processing: 2D_01_05.vasp
Processing: 2D_02_00.vasp
Processing: 2D_02_01.vasp
Processing: 2D_02_02.vasp
Processing: 2D_02_03.vasp
Processing: 2D_02_04.vasp
Processing: 2D_02_05.vasp
Processing: 2D_03_00.vasp
Processing: 2D_03_01.vasp
Processing: 2D_03_02.vasp
Processing: 2D_03_03.vasp
Processing: 2D_03_04.vasp
Processing: 2D_03_05.vasp
Processing: 2D_04_00.vasp
Processing: 2D_04_01.vasp
Processing: 2D_04_02.vasp
Processing: 2D_04_03.vasp
Processing: 2D_04_04.vasp
Processing: 2D_04_05.vasp
Processing: 2D_05_00.vasp
Processing: 2D_05_01.vasp
Processing: 2D_05_02.vasp
Processing: 2D_05_03.vasp
Processing: 2D_05_04.vasp
Processing: 2D_05_05.vasp
FFT Batch Finished.
===================================

------------------------------------------------------------
Sender: LSF System <lsfadmin@be1u33a>
Subject: Job 2875016: <Cu_FFT> in cluster <qmhpc> Done

Job <Cu_FFT> was submitted from host <a04u28l> by user <phy-luoyf> in cluster <qmhpc> at Sun Dec 28 15:01:02 2025
Job was executed on host(s) <96*be1u33a>, in queue <1t88c>, as user <phy-luoyf> in cluster <qmhpc> at Sun Dec 28 15:01:03 2025
</work/phy-luoyf> was used as the home directory.
</work/phy-luoyf/WORK/cu_sample_construct_after_wyb_meeting25.12.25/relax_fixed_all_with_EAM> was used as the working directory.
Started at Sun Dec 28 15:01:03 2025
Terminated at Sun Dec 28 15:01:46 2025
Results reported at Sun Dec 28 15:01:46 2025

Your job looked like:

------------------------------------------------------------
# LSBATCH: User input
#!/bin/bash
#BSUB -J Cu_FFT
#BSUB -q 1t88c
#BSUB -n 96
#BSUB -R "span[ptile=96]"
#BSUB -e %J.err
#BSUB -o %J.out

# --- 设置 LAMMPS 路径 ---
LMP_EXEC="/work/phy-luoyf/apps/lammps2025/lammps-22Jul2025/build/lmp"

# 创建文件夹
mkdir -p datafft
mkdir -p relaxed_fft

echo "==================================="
echo "Starting FFT (Constrained Relax) Batch..."

for vasp_file in strufft/*; do
    # 确保是文件
    [ -f "$vasp_file" ] || continue
    
    filename=$(basename "$vasp_file")
    data_file="datafft/${filename}.data"
    result_file="relaxed_fft/${filename}_relaxed.data"

    # 1. 转换格式 (Python脚本会自动识别F/T标记并设为Type 2或3)
    python vasp2data.py "$vasp_file" "$data_file"

    # 2. 运行 LAMMPS
    echo "Processing: $filename"
    $LMP_EXEC -in in.relax_fft -var fname "$data_file" -var oname "$result_file" > /dev/null
done

echo "FFT Batch Finished."
echo "==================================="


------------------------------------------------------------

Successfully completed.

Resource usage summary:

    CPU time :                                   10.32 sec.
    Max Memory :                                 46 MB
    Average Memory :                             19.88 MB
    Total Requested Memory :                     -
    Delta Memory :                               -
    Max Swap :                                   1 MB
    Max Processes :                              4
    Max Threads :                                6
    Run time :                                   41 sec.
    Turnaround time :                            44 sec.

The output (if any) is above this job summary.



PS:

Read file <2875016.err> for stderr output of this job.

